<?xml version="1.0" encoding="UTF-8"?>
<!-- Generated by org.testng.reporters.JUnitXMLReporter -->
<testsuite hostname="DESKTOP-51NR18P" ignored="0" name="Test_POM1" tests="4" failures="0" timestamp="23 Mar 2019 05:27:50 GMT" time="73.1" errors="0">
  <testcase name="createLeadTest" time="16.247" classname="testCases.TC001_CreateLead"/>
  <testcase name="createLeadTest" time="9.497" classname="testCases.TC001_CreateLead"/>
  <testcase name="createLeadTest" time="10.302" classname="testCases.TC001_CreateLead"/>
  <testcase name="createLeadTest" time="10.065" classname="testCases.TC001_CreateLead"/>
</testsuite> <!-- Test_POM1 -->
